[debug] [2023-10-25T08:08:56.677Z] ----------------------------------------------------------------------
[debug] [2023-10-25T08:08:56.680Z] Command:       C:\Program Files\nodejs\node.exe C:\Users\EZEN\AppData\Roaming\npm\node_modules\firebase-tools\lib\bin\firebase.js init
[debug] [2023-10-25T08:08:56.680Z] CLI Version:   12.7.0
[debug] [2023-10-25T08:08:56.681Z] Platform:      win32
[debug] [2023-10-25T08:08:56.681Z] Node Version:  v18.16.1
[debug] [2023-10-25T08:08:56.682Z] Time:          Wed Oct 25 2023 17:08:56 GMT+0900 (대한민국 표준시)
[debug] [2023-10-25T08:08:56.682Z] ----------------------------------------------------------------------
[debug] 
[debug] [2023-10-25T08:08:56.698Z] > command requires scopes: ["email","openid","https://www.googleapis.com/auth/cloudplatformprojects.readonly","https://www.googleapis.com/auth/firebase","https://www.googleapis.com/auth/cloud-platform"]
[debug] [2023-10-25T08:08:56.698Z] > authorizing via signed-in user (chois98a@gmail.com)
[info] 
     ######## #### ########  ######## ########     ###     ######  ########
     ##        ##  ##     ## ##       ##     ##  ##   ##  ##       ##
     ######    ##  ########  ######   ########  #########  ######  ######
     ##        ##  ##    ##  ##       ##     ## ##     ##       ## ##
     ##       #### ##     ## ######## ########  ##     ##  ######  ########

You're about to initialize a Firebase project in this directory:

  E:\html\1025\04_pjt

[info] 
=== Project Setup
[info] 
[info] First, let's associate this project directory with a Firebase project.
[info] You can create multiple project aliases by running firebase use --add, 
[info] but for now we'll just set up a default project.
[info] 
[debug] [2023-10-25T08:09:08.826Z] >>> [apiv2][query] GET https://firebase.googleapis.com/v1beta1/projects pageSize=100
[debug] [2023-10-25T08:09:09.751Z] <<< [apiv2][status] GET https://firebase.googleapis.com/v1beta1/projects 200
[debug] [2023-10-25T08:09:09.751Z] <<< [apiv2][body] GET https://firebase.googleapis.com/v1beta1/projects [omitted]
